app/build/intermediates/manifest_merge_blame_file/debug/manifest-merger-blame-debug-report.txt
1<?xml version="1.0" encoding="utf-8"?>
2<manifest xmlns:android="http://schemas.android.com/apk/res/android"
3    package="com.example.animalsays"
4    android:versionCode="1"
5    android:versionName="1.0" >
6
7    <uses-sdk
8        android:minSdkVersion="17"
8-->src\main\AndroidManifest.xml
9        android:targetSdkVersion="30" />
9-->src\main\AndroidManifest.xml
10
11    <uses-permission android:name="android.permission.WRITE_EXTERNAL_STORAGE" />
11-->src\main\AndroidManifest.xml:5:5-81
11-->src\main\AndroidManifest.xml:5:22-78
12    <uses-permission android:name="android.permission.READ_EXTERNAL_STORAGE" />
12-->src\main\AndroidManifest.xml:6:5-80
12-->src\main\AndroidManifest.xml:6:22-77
13
14    <application
14-->src\main\AndroidManifest.xml:8:5-27:19
15        android:allowBackup="true"
15-->src\main\AndroidManifest.xml:9:9-35
16        android:appComponentFactory="androidx.core.app.CoreComponentFactory"
16-->[androidx.core:core:1.5.0] AndroidManifest.xml:24:18-86
17        android:debuggable="true"
18        android:icon="@mipmap/ic_launcher"
18-->src\main\AndroidManifest.xml:10:9-43
19        android:label="@string/app_name"
19-->src\main\AndroidManifest.xml:11:9-41
20        android:roundIcon="@mipmap/ic_launcher_round"
20-->src\main\AndroidManifest.xml:12:9-54
21        android:supportsRtl="true"
21-->src\main\AndroidManifest.xml:13:9-35
22        android:testOnly="true"
23        android:theme="@style/Theme.AnimalSays" >
23-->src\main\AndroidManifest.xml:14:9-48
24        <activity android:name="com.example.animalsays.LoadingScreen" >
24-->src\main\AndroidManifest.xml:15:9-21:20
24-->src\main\AndroidManifest.xml:15:19-70
25            <intent-filter>
25-->src\main\AndroidManifest.xml:16:13-20:29
26                <action android:name="android.intent.action.MAIN" />
26-->src\main\AndroidManifest.xml:17:17-69
26-->src\main\AndroidManifest.xml:17:25-66
27
28                <category android:name="android.intent.category.LAUNCHER" />
28-->src\main\AndroidManifest.xml:19:17-77
28-->src\main\AndroidManifest.xml:19:27-74
29            </intent-filter>
30        </activity>
31        <activity android:name="com.example.animalsays.MenuActivity" />
31-->src\main\AndroidManifest.xml:22:9-72
31-->src\main\AndroidManifest.xml:22:19-69
32        <activity android:name="com.example.animalsays.GameActivity" />
32-->src\main\AndroidManifest.xml:23:9-72
32-->src\main\AndroidManifest.xml:23:19-69
33        <activity android:name="com.example.animalsays.ScoreBoardActivity" />
33-->src\main\AndroidManifest.xml:24:9-78
33-->src\main\AndroidManifest.xml:24:19-75
34        <activity android:name="com.example.animalsays.Rules" />
34-->src\main\AndroidManifest.xml:25:9-65
34-->src\main\AndroidManifest.xml:25:19-62
35        <activity android:name="com.example.animalsays.MainActivity" />
35-->src\main\AndroidManifest.xml:26:9-71
35-->src\main\AndroidManifest.xml:26:19-69
36    </application>
37
38</manifest>